0 info it worked if it ends with ok
1 verbose cli [ 'C:\\Program Files\\nodejs\\node.exe',
1 verbose cli   'C:\\Program Files\\nodejs\\node_modules\\npm\\bin\\npm-cli.js',
1 verbose cli   'start' ]
2 info using npm@3.10.10
3 info using node@v6.11.3
4 verbose run-script [ 'prestart', 'start', 'poststart' ]
5 info lifecycle bs4starter@1.0.0~prestart: bs4starter@1.0.0
6 silly lifecycle bs4starter@1.0.0~prestart: no script for prestart, continuing
7 info lifecycle bs4starter@1.0.0~start: bs4starter@1.0.0
8 verbose lifecycle bs4starter@1.0.0~start: unsafe-perm in lifecycle true
9 verbose lifecycle bs4starter@1.0.0~start: PATH: C:\Program Files\nodejs\node_modules\npm\bin\node-gyp-bin;D:\pxj\Web\blogen\node_modules\.bin;C:\Users\xiaojunp\AppData\Roaming\npm;C:\Program Files\nodejs\;C:\WINDOWS\system32;C:\WINDOWS;C:\WINDOWS\System32\Wbem;C:\WINDOWS\System32\WindowsPowerShell\v1.0\;C:\Program Files\Java\jdk1.8.0_121\bin;C:\ProgramData\Anaconda3;C:\ProgramData\Anaconda3\Scripts;C:\ProgramData\Anaconda3\Library\bin;C:\Program Files\TortoiseGit\bin;C:\Program Files\Git\cmd;C:\Program Files (x86)\apache-maven-3.5.0\bin;D:\wamp64\bin\php\php5.6.25;C:\ProgramData\ComposerSetup\bin;C:\Program Files (x86)\Brackets\command;D:\nodejs\node_global\node_modules\cnpm\bin;D:\nodejs\node_global\node_modules\vue-cli\bin;C:\Program Files\TortoiseSVN\bin;C:\Program Files\nodejs\;C:\Users\xiaojunp\AppData\Local\Microsoft\WindowsApps;C:\Users\xiaojunp\AppData\Roaming\Composer\vendor\bin;C:\Users\xiaojunp\AppData\Roaming\npm
10 verbose lifecycle bs4starter@1.0.0~start: CWD: D:\pxj\Web\blogen
11 silly lifecycle bs4starter@1.0.0~start: Args: [ '/d /s /c', 'gulp' ]
12 silly lifecycle bs4starter@1.0.0~start: Returned: code: 1  signal: null
13 info lifecycle bs4starter@1.0.0~start: Failed to exec start script
14 verbose stack Error: bs4starter@1.0.0 start: `gulp`
14 verbose stack Exit status 1
14 verbose stack     at EventEmitter.<anonymous> (C:\Program Files\nodejs\node_modules\npm\lib\utils\lifecycle.js:255:16)
14 verbose stack     at emitTwo (events.js:106:13)
14 verbose stack     at EventEmitter.emit (events.js:191:7)
14 verbose stack     at ChildProcess.<anonymous> (C:\Program Files\nodejs\node_modules\npm\lib\utils\spawn.js:40:14)
14 verbose stack     at emitTwo (events.js:106:13)
14 verbose stack     at ChildProcess.emit (events.js:191:7)
14 verbose stack     at maybeClose (internal/child_process.js:920:16)
14 verbose stack     at Process.ChildProcess._handle.onexit (internal/child_process.js:230:5)
15 verbose pkgid bs4starter@1.0.0
16 verbose cwd D:\pxj\Web\blogen
17 error Windows_NT 10.0.15063
18 error argv "C:\\Program Files\\nodejs\\node.exe" "C:\\Program Files\\nodejs\\node_modules\\npm\\bin\\npm-cli.js" "start"
19 error node v6.11.3
20 error npm  v3.10.10
21 error code ELIFECYCLE
22 error bs4starter@1.0.0 start: `gulp`
22 error Exit status 1
23 error Failed at the bs4starter@1.0.0 start script 'gulp'.
23 error Make sure you have the latest version of node.js and npm installed.
23 error If you do, this is most likely a problem with the bs4starter package,
23 error not with npm itself.
23 error Tell the author that this fails on your system:
23 error     gulp
23 error You can get information on how to open an issue for this project with:
23 error     npm bugs bs4starter
23 error Or if that isn't available, you can get their info via:
23 error     npm owner ls bs4starter
23 error There is likely additional logging output above.
24 verbose exit [ 1, true ]
